<?xml version="1.0" encoding="UTF-8"?>
<!-- Generated by org.testng.reporters.JUnitXMLReporter -->
<testsuite hostname="DESKTOP-BNNOL2C" ignored="0" name="Test Dummy Application" tests="5" failures="0" timestamp="27 Mar 2018 10:30:18 GMT" time="75.794" errors="0">
  <testcase name="addContactTest" time="5.871" classname="com.testExecution.Logintest"/>
  <testcase name="addUsernameTest" time="18.028" classname="com.testExecution.Logintest"/>
  <testcase name="addPhoneNumberTest" time="10.717" classname="com.testExecution.Logintest"/>
  <testcase name="addEmailIDTest" time="10.729" classname="com.testExecution.Logintest"/>
  <testcase name="saveDataTest" time="0.639" classname="com.testExecution.Logintest"/>
</testsuite> <!-- Test Dummy Application -->
